<?xml version="1.0" encoding="UTF-8"?>
<robot generator="Robot 7.0 (Python 3.12.2 on win32)" generated="2024-02-21T20:23:32.000323" rpa="false" schemaversion="5">
<suite id="s1" name="AT04 VerifyZToAfilter" source="C:\Users\softw\PycharmProjects\PythonProject1\RobotFrameworkBDDTestCases\AT04_VerifyZToAfilter.robot">
<test id="s1-t1" name="AT04_VerifyZToAfilter.robot" line="16">
<kw name="Given user logs into SwagLabs" owner="resource">
<kw name="Open Browser" owner="SeleniumLibrary">
<msg time="2024-02-21T20:23:32.305854" level="INFO">Opening browser 'chrome' to base url 'https://www.saucedemo.com/'.</msg>
<arg>${LOGIN_PAGE_URL}</arg>
<arg>${browser}</arg>
<doc>Opens a new browser instance to the optional ``url``.</doc>
<status status="PASS" start="2024-02-21T20:23:32.305854" elapsed="2.738804"/>
</kw>
<kw name="Input Text" owner="SeleniumLibrary">
<msg time="2024-02-21T20:23:35.045655" level="INFO">Typing text 'standard_user' into text field 'id:user-name'.</msg>
<arg>id:user-name</arg>
<arg>${USERNAME}</arg>
<doc>Types the given ``text`` into the text field identified by ``locator``.</doc>
<status status="PASS" start="2024-02-21T20:23:35.044658" elapsed="0.134069"/>
</kw>
<kw name="Input Password" owner="SeleniumLibrary">
<msg time="2024-02-21T20:23:35.178727" level="INFO">Typing password into text field 'id:password'.</msg>
<msg time="2024-02-21T20:23:35.205162" level="INFO">Temporally setting log level to: NONE</msg>
<arg>id:password</arg>
<arg>${PASSWORD}</arg>
<doc>Types the given password into the text field identified by ``locator``.</doc>
<status status="PASS" start="2024-02-21T20:23:35.178727" elapsed="0.088230"/>
</kw>
<kw name="Click Button" owner="SeleniumLibrary">
<msg time="2024-02-21T20:23:35.266957" level="INFO">Clicking button 'id:login-button'.</msg>
<arg>id:login-button</arg>
<doc>Clicks the button identified by ``locator``.</doc>
<status status="PASS" start="2024-02-21T20:23:35.266957" elapsed="0.143568"/>
</kw>
<status status="PASS" start="2024-02-21T20:23:32.304857" elapsed="3.105668"/>
</kw>
<kw name="Then user clicks on sort filter">
<kw name="Get WebElements" owner="SeleniumLibrary">
<msg time="2024-02-21T20:23:35.435442" level="INFO">${FilterList} = [&lt;selenium.webdriver.remote.webelement.WebElement (session="118fbb2cc61d9b68670a01b0e2a32aac", element="11610DCE68CA7A89DB2E11D6657EEF94_element_24")&gt;, &lt;selenium.webdriver.remote.webelement.WebElement...</msg>
<var>${FilterList}</var>
<arg>xpath=//*[@class='product_sort_container']//option</arg>
<doc>Returns a list of WebElement objects matching the ``locator``.</doc>
<status status="PASS" start="2024-02-21T20:23:35.412517" elapsed="0.022925"/>
</kw>
<kw name="Get Length" owner="BuiltIn">
<msg time="2024-02-21T20:23:35.436438" level="INFO">Length is 4.</msg>
<msg time="2024-02-21T20:23:35.436438" level="INFO">${filter_size} = 4</msg>
<var>${filter_size}</var>
<arg>${filter_list}</arg>
<doc>Returns and logs the length of the given item as an integer.</doc>
<status status="PASS" start="2024-02-21T20:23:35.436438" elapsed="0.000000"/>
</kw>
<kw name="Log" owner="BuiltIn">
<msg time="2024-02-21T20:23:35.437442" level="INFO">Filter Size: 4</msg>
<arg>Filter Size: ${filter_size}</arg>
<doc>Logs the given message with the given level.</doc>
<status status="PASS" start="2024-02-21T20:23:35.436438" elapsed="0.001004"/>
</kw>
<kw name="Log" owner="BuiltIn">
<msg time="2024-02-21T20:23:35.456372" level="INFO">First element text: Name (A to Z)</msg>
<arg>First element text: ${FilterList[0].text}</arg>
<doc>Logs the given message with the given level.</doc>
<status status="PASS" start="2024-02-21T20:23:35.437442" elapsed="0.018930"/>
</kw>
<for flavor="IN RANGE">
<iter>
<kw name="Get Text" owner="SeleniumLibrary">
<msg time="2024-02-21T20:23:35.473315" level="INFO">${filter_name} = Name (A to Z)</msg>
<var>${filter_name}</var>
<arg>${filter_list}[${i}]</arg>
<doc>Returns the text value of the element identified by ``locator``.</doc>
<status status="PASS" start="2024-02-21T20:23:35.457369" elapsed="0.015946"/>
</kw>
<kw name="Log" owner="BuiltIn">
<msg time="2024-02-21T20:23:35.473315" level="INFO">FilterName: Name (A to Z)</msg>
<arg>FilterName: ${filter_name}</arg>
<doc>Logs the given message with the given level.</doc>
<status status="PASS" start="2024-02-21T20:23:35.473315" elapsed="0.000997"/>
</kw>
<kw name="Evaluate" owner="BuiltIn">
<msg time="2024-02-21T20:23:35.474312" level="INFO">${condition} = False</msg>
<var>${condition}</var>
<arg>'${filter_name}' == 'Name (Z to A)'</arg>
<doc>Evaluates the given expression in Python and returns the result.</doc>
<status status="PASS" start="2024-02-21T20:23:35.474312" elapsed="0.000000"/>
</kw>
<kw name="Run Keyword If" owner="BuiltIn">
<arg>${condition}</arg>
<arg>Click Element</arg>
<arg>${filter_list}[${i}]</arg>
<doc>Runs the given keyword with the given arguments, if ``condition`` is true.</doc>
<status status="PASS" start="2024-02-21T20:23:35.475309" elapsed="0.000000"/>
</kw>
<kw name="Run Keyword If" owner="BuiltIn">
<arg>${condition}</arg>
<arg>Exit For Loop</arg>
<doc>Runs the given keyword with the given arguments, if ``condition`` is true.</doc>
<status status="PASS" start="2024-02-21T20:23:35.475309" elapsed="0.000995"/>
</kw>
<var name="${i}">0</var>
<status status="PASS" start="2024-02-21T20:23:35.457369" elapsed="0.018935"/>
</iter>
<iter>
<kw name="Get Text" owner="SeleniumLibrary">
<msg time="2024-02-21T20:23:35.490263" level="INFO">${filter_name} = Name (Z to A)</msg>
<var>${filter_name}</var>
<arg>${filter_list}[${i}]</arg>
<doc>Returns the text value of the element identified by ``locator``.</doc>
<status status="PASS" start="2024-02-21T20:23:35.476304" elapsed="0.013959"/>
</kw>
<kw name="Log" owner="BuiltIn">
<msg time="2024-02-21T20:23:35.491261" level="INFO">FilterName: Name (Z to A)</msg>
<arg>FilterName: ${filter_name}</arg>
<doc>Logs the given message with the given level.</doc>
<status status="PASS" start="2024-02-21T20:23:35.490263" elapsed="0.000998"/>
</kw>
<kw name="Evaluate" owner="BuiltIn">
<msg time="2024-02-21T20:23:35.492258" level="INFO">${condition} = True</msg>
<var>${condition}</var>
<arg>'${filter_name}' == 'Name (Z to A)'</arg>
<doc>Evaluates the given expression in Python and returns the result.</doc>
<status status="PASS" start="2024-02-21T20:23:35.491261" elapsed="0.000997"/>
</kw>
<kw name="Run Keyword If" owner="BuiltIn">
<kw name="Click Element" owner="SeleniumLibrary">
<msg time="2024-02-21T20:23:35.494262" level="INFO">Clicking element '&lt;selenium.webdriver.remote.webelement.WebElement (session="118fbb2cc61d9b68670a01b0e2a32aac", element="11610DCE68CA7A89DB2E11D6657EEF94_element_26")&gt;'.</msg>
<arg>${filter_list}[${i}]</arg>
<doc>Click the element identified by ``locator``.</doc>
<status status="PASS" start="2024-02-21T20:23:35.493254" elapsed="0.044368"/>
</kw>
<arg>${condition}</arg>
<arg>Click Element</arg>
<arg>${filter_list}[${i}]</arg>
<doc>Runs the given keyword with the given arguments, if ``condition`` is true.</doc>
<status status="PASS" start="2024-02-21T20:23:35.493254" elapsed="0.044368"/>
</kw>
<kw name="Run Keyword If" owner="BuiltIn">
<kw name="Exit For Loop" owner="BuiltIn">
<msg time="2024-02-21T20:23:35.537622" level="INFO">Exiting for loop altogether.</msg>
<doc>Stops executing the enclosing FOR loop.</doc>
<status status="PASS" start="2024-02-21T20:23:35.537622" elapsed="0.000000"/>
</kw>
<arg>${condition}</arg>
<arg>Exit For Loop</arg>
<doc>Runs the given keyword with the given arguments, if ``condition`` is true.</doc>
<status status="PASS" start="2024-02-21T20:23:35.537622" elapsed="0.000000"/>
</kw>
<var name="${i}">1</var>
<status status="PASS" start="2024-02-21T20:23:35.476304" elapsed="0.062313"/>
</iter>
<var>${i}</var>
<value>${filter_size}</value>
<status status="PASS" start="2024-02-21T20:23:35.456372" elapsed="0.082245"/>
</for>
<status status="PASS" start="2024-02-21T20:23:35.412517" elapsed="0.126100"/>
</kw>
<kw name="And Assert that all the items are orgainsed in Z To A order">
<kw name="Get WebElements" owner="SeleniumLibrary">
<msg time="2024-02-21T20:23:35.569515" level="INFO">${default_sorted} = [&lt;selenium.webdriver.remote.webelement.WebElement (session="118fbb2cc61d9b68670a01b0e2a32aac", element="11610DCE68CA7A89DB2E11D6657EEF94_element_33")&gt;, &lt;selenium.webdriver.remote.webelement.WebElement...</msg>
<var>${default_sorted}</var>
<arg>xpath=//div[@class='inventory_item_name ']</arg>
<doc>Returns a list of WebElement objects matching the ``locator``.</doc>
<status status="PASS" start="2024-02-21T20:23:35.555563" elapsed="0.013952"/>
</kw>
<kw name="Get Length" owner="BuiltIn">
<msg time="2024-02-21T20:23:35.570531" level="INFO">Length is 6.</msg>
<msg time="2024-02-21T20:23:35.570531" level="INFO">${default_sorted_size} = 6</msg>
<var>${default_sorted_size}</var>
<arg>${default_sorted}</arg>
<doc>Returns and logs the length of the given item as an integer.</doc>
<status status="PASS" start="2024-02-21T20:23:35.569515" elapsed="0.001016"/>
</kw>
<kw name="Log" owner="BuiltIn">
<msg time="2024-02-21T20:23:35.570531" level="INFO">Filter Size1: 6</msg>
<arg>Filter Size1: ${default_sorted_size}</arg>
<doc>Logs the given message with the given level.</doc>
<status status="PASS" start="2024-02-21T20:23:35.570531" elapsed="0.000000"/>
</kw>
<kw name="Log" owner="BuiltIn">
<msg time="2024-02-21T20:23:35.577488" level="INFO">First element text1: Test.allTheThings() T-Shirt (Red)</msg>
<arg>First element text1: ${default_sorted[0].text}</arg>
<doc>Logs the given message with the given level.</doc>
<status status="PASS" start="2024-02-21T20:23:35.570531" elapsed="0.006957"/>
</kw>
<kw name="Create List" owner="BuiltIn">
<msg time="2024-02-21T20:23:35.577488" level="INFO">${act_item_names} = ['Test.allTheThings() T-Shirt (Red)', 'Sauce Labs Onesie', 'Sauce Labs Fleece Jacket', 'Sauce Labs Bolt T-Shirt', 'Sauce Labs Bike Light', 'Sauce Labs Backpack']</msg>
<var>${act_item_names}</var>
<arg>Test.allTheThings() T-Shirt (Red)</arg>
<arg>Sauce Labs Onesie</arg>
<arg>Sauce Labs Fleece Jacket</arg>
<arg>Sauce Labs Bolt T-Shirt</arg>
<arg>Sauce Labs Bike Light</arg>
<arg>Sauce Labs Backpack</arg>
<doc>Returns a list containing given items.</doc>
<status status="PASS" start="2024-02-21T20:23:35.577488" elapsed="0.000000"/>
</kw>
<for flavor="IN RANGE">
<iter>
<kw name="Get Text" owner="SeleniumLibrary">
<msg time="2024-02-21T20:23:35.584467" level="INFO">${exp_item_name} = Test.allTheThings() T-Shirt (Red)</msg>
<var>${exp_item_name}</var>
<arg>${default_sorted}[${j}]</arg>
<doc>Returns the text value of the element identified by ``locator``.</doc>
<status status="PASS" start="2024-02-21T20:23:35.578492" elapsed="0.005975"/>
</kw>
<kw name="Log" owner="BuiltIn">
<msg time="2024-02-21T20:23:35.585462" level="INFO">ExpItemName: Test.allTheThings() T-Shirt (Red)</msg>
<arg>ExpItemName: ${exp_item_name}</arg>
<doc>Logs the given message with the given level.</doc>
<status status="PASS" start="2024-02-21T20:23:35.584467" elapsed="0.000995"/>
</kw>
<kw name="Get From List" owner="Collections">
<msg time="2024-02-21T20:23:35.585462" level="INFO">${act_item_name} = Test.allTheThings() T-Shirt (Red)</msg>
<var>${act_item_name}</var>
<arg>${act_item_names}</arg>
<arg>${j}</arg>
<doc>Returns the value specified with an ``index`` from ``list``.</doc>
<status status="PASS" start="2024-02-21T20:23:35.585462" elapsed="0.000000"/>
</kw>
<kw name="Log" owner="BuiltIn">
<msg time="2024-02-21T20:23:35.585462" level="INFO">ItsValueIs: Test.allTheThings() T-Shirt (Red)</msg>
<arg>ItsValueIs: ${act_item_name}</arg>
<doc>Logs the given message with the given level.</doc>
<status status="PASS" start="2024-02-21T20:23:35.585462" elapsed="0.000000"/>
</kw>
<kw name="Should Be Equal As Strings" owner="BuiltIn">
<arg>${exp_item_name}</arg>
<arg>${act_item_name}</arg>
<doc>Fails if objects are unequal after converting them to strings.</doc>
<status status="PASS" start="2024-02-21T20:23:35.585462" elapsed="0.000000"/>
</kw>
<var name="${j}">0</var>
<status status="PASS" start="2024-02-21T20:23:35.578492" elapsed="0.006970"/>
</iter>
<iter>
<kw name="Get Text" owner="SeleniumLibrary">
<msg time="2024-02-21T20:23:35.594437" level="INFO">${exp_item_name} = Sauce Labs Onesie</msg>
<var>${exp_item_name}</var>
<arg>${default_sorted}[${j}]</arg>
<doc>Returns the text value of the element identified by ``locator``.</doc>
<status status="PASS" start="2024-02-21T20:23:35.586459" elapsed="0.007978"/>
</kw>
<kw name="Log" owner="BuiltIn">
<msg time="2024-02-21T20:23:35.595434" level="INFO">ExpItemName: Sauce Labs Onesie</msg>
<arg>ExpItemName: ${exp_item_name}</arg>
<doc>Logs the given message with the given level.</doc>
<status status="PASS" start="2024-02-21T20:23:35.594437" elapsed="0.000997"/>
</kw>
<kw name="Get From List" owner="Collections">
<msg time="2024-02-21T20:23:35.595434" level="INFO">${act_item_name} = Sauce Labs Onesie</msg>
<var>${act_item_name}</var>
<arg>${act_item_names}</arg>
<arg>${j}</arg>
<doc>Returns the value specified with an ``index`` from ``list``.</doc>
<status status="PASS" start="2024-02-21T20:23:35.595434" elapsed="0.000000"/>
</kw>
<kw name="Log" owner="BuiltIn">
<msg time="2024-02-21T20:23:35.595434" level="INFO">ItsValueIs: Sauce Labs Onesie</msg>
<arg>ItsValueIs: ${act_item_name}</arg>
<doc>Logs the given message with the given level.</doc>
<status status="PASS" start="2024-02-21T20:23:35.595434" elapsed="0.000000"/>
</kw>
<kw name="Should Be Equal As Strings" owner="BuiltIn">
<arg>${exp_item_name}</arg>
<arg>${act_item_name}</arg>
<doc>Fails if objects are unequal after converting them to strings.</doc>
<status status="PASS" start="2024-02-21T20:23:35.596429" elapsed="0.000000"/>
</kw>
<var name="${j}">1</var>
<status status="PASS" start="2024-02-21T20:23:35.586459" elapsed="0.009970"/>
</iter>
<iter>
<kw name="Get Text" owner="SeleniumLibrary">
<msg time="2024-02-21T20:23:35.601413" level="INFO">${exp_item_name} = Sauce Labs Fleece Jacket</msg>
<var>${exp_item_name}</var>
<arg>${default_sorted}[${j}]</arg>
<doc>Returns the text value of the element identified by ``locator``.</doc>
<status status="PASS" start="2024-02-21T20:23:35.596429" elapsed="0.004984"/>
</kw>
<kw name="Log" owner="BuiltIn">
<msg time="2024-02-21T20:23:35.602938" level="INFO">ExpItemName: Sauce Labs Fleece Jacket</msg>
<arg>ExpItemName: ${exp_item_name}</arg>
<doc>Logs the given message with the given level.</doc>
<status status="PASS" start="2024-02-21T20:23:35.601413" elapsed="0.001525"/>
</kw>
<kw name="Get From List" owner="Collections">
<msg time="2024-02-21T20:23:35.602938" level="INFO">${act_item_name} = Sauce Labs Fleece Jacket</msg>
<var>${act_item_name}</var>
<arg>${act_item_names}</arg>
<arg>${j}</arg>
<doc>Returns the value specified with an ``index`` from ``list``.</doc>
<status status="PASS" start="2024-02-21T20:23:35.602938" elapsed="0.000000"/>
</kw>
<kw name="Log" owner="BuiltIn">
<msg time="2024-02-21T20:23:35.602938" level="INFO">ItsValueIs: Sauce Labs Fleece Jacket</msg>
<arg>ItsValueIs: ${act_item_name}</arg>
<doc>Logs the given message with the given level.</doc>
<status status="PASS" start="2024-02-21T20:23:35.602938" elapsed="0.000000"/>
</kw>
<kw name="Should Be Equal As Strings" owner="BuiltIn">
<arg>${exp_item_name}</arg>
<arg>${act_item_name}</arg>
<doc>Fails if objects are unequal after converting them to strings.</doc>
<status status="PASS" start="2024-02-21T20:23:35.602938" elapsed="0.000000"/>
</kw>
<var name="${j}">2</var>
<status status="PASS" start="2024-02-21T20:23:35.596429" elapsed="0.006509"/>
</iter>
<iter>
<kw name="Get Text" owner="SeleniumLibrary">
<msg time="2024-02-21T20:23:35.609919" level="INFO">${exp_item_name} = Sauce Labs Bolt T-Shirt</msg>
<var>${exp_item_name}</var>
<arg>${default_sorted}[${j}]</arg>
<doc>Returns the text value of the element identified by ``locator``.</doc>
<status status="PASS" start="2024-02-21T20:23:35.603944" elapsed="0.005975"/>
</kw>
<kw name="Log" owner="BuiltIn">
<msg time="2024-02-21T20:23:35.609919" level="INFO">ExpItemName: Sauce Labs Bolt T-Shirt</msg>
<arg>ExpItemName: ${exp_item_name}</arg>
<doc>Logs the given message with the given level.</doc>
<status status="PASS" start="2024-02-21T20:23:35.609919" elapsed="0.000000"/>
</kw>
<kw name="Get From List" owner="Collections">
<msg time="2024-02-21T20:23:35.610921" level="INFO">${act_item_name} = Sauce Labs Bolt T-Shirt</msg>
<var>${act_item_name}</var>
<arg>${act_item_names}</arg>
<arg>${j}</arg>
<doc>Returns the value specified with an ``index`` from ``list``.</doc>
<status status="PASS" start="2024-02-21T20:23:35.609919" elapsed="0.001002"/>
</kw>
<kw name="Log" owner="BuiltIn">
<msg time="2024-02-21T20:23:35.610921" level="INFO">ItsValueIs: Sauce Labs Bolt T-Shirt</msg>
<arg>ItsValueIs: ${act_item_name}</arg>
<doc>Logs the given message with the given level.</doc>
<status status="PASS" start="2024-02-21T20:23:35.610921" elapsed="0.000000"/>
</kw>
<kw name="Should Be Equal As Strings" owner="BuiltIn">
<arg>${exp_item_name}</arg>
<arg>${act_item_name}</arg>
<doc>Fails if objects are unequal after converting them to strings.</doc>
<status status="PASS" start="2024-02-21T20:23:35.610921" elapsed="0.000000"/>
</kw>
<var name="${j}">3</var>
<status status="PASS" start="2024-02-21T20:23:35.602938" elapsed="0.007983"/>
</iter>
<iter>
<kw name="Get Text" owner="SeleniumLibrary">
<msg time="2024-02-21T20:23:35.616895" level="INFO">${exp_item_name} = Sauce Labs Bike Light</msg>
<var>${exp_item_name}</var>
<arg>${default_sorted}[${j}]</arg>
<doc>Returns the text value of the element identified by ``locator``.</doc>
<status status="PASS" start="2024-02-21T20:23:35.610921" elapsed="0.005974"/>
</kw>
<kw name="Log" owner="BuiltIn">
<msg time="2024-02-21T20:23:35.616895" level="INFO">ExpItemName: Sauce Labs Bike Light</msg>
<arg>ExpItemName: ${exp_item_name}</arg>
<doc>Logs the given message with the given level.</doc>
<status status="PASS" start="2024-02-21T20:23:35.616895" elapsed="0.000000"/>
</kw>
<kw name="Get From List" owner="Collections">
<msg time="2024-02-21T20:23:35.617913" level="INFO">${act_item_name} = Sauce Labs Bike Light</msg>
<var>${act_item_name}</var>
<arg>${act_item_names}</arg>
<arg>${j}</arg>
<doc>Returns the value specified with an ``index`` from ``list``.</doc>
<status status="PASS" start="2024-02-21T20:23:35.617913" elapsed="0.000000"/>
</kw>
<kw name="Log" owner="BuiltIn">
<msg time="2024-02-21T20:23:35.617913" level="INFO">ItsValueIs: Sauce Labs Bike Light</msg>
<arg>ItsValueIs: ${act_item_name}</arg>
<doc>Logs the given message with the given level.</doc>
<status status="PASS" start="2024-02-21T20:23:35.617913" elapsed="0.000000"/>
</kw>
<kw name="Should Be Equal As Strings" owner="BuiltIn">
<arg>${exp_item_name}</arg>
<arg>${act_item_name}</arg>
<doc>Fails if objects are unequal after converting them to strings.</doc>
<status status="PASS" start="2024-02-21T20:23:35.617913" elapsed="0.000000"/>
</kw>
<var name="${j}">4</var>
<status status="PASS" start="2024-02-21T20:23:35.610921" elapsed="0.006992"/>
</iter>
<iter>
<kw name="Get Text" owner="SeleniumLibrary">
<msg time="2024-02-21T20:23:35.623871" level="INFO">${exp_item_name} = Sauce Labs Backpack</msg>
<var>${exp_item_name}</var>
<arg>${default_sorted}[${j}]</arg>
<doc>Returns the text value of the element identified by ``locator``.</doc>
<status status="PASS" start="2024-02-21T20:23:35.617913" elapsed="0.005958"/>
</kw>
<kw name="Log" owner="BuiltIn">
<msg time="2024-02-21T20:23:35.623871" level="INFO">ExpItemName: Sauce Labs Backpack</msg>
<arg>ExpItemName: ${exp_item_name}</arg>
<doc>Logs the given message with the given level.</doc>
<status status="PASS" start="2024-02-21T20:23:35.623871" elapsed="0.000000"/>
</kw>
<kw name="Get From List" owner="Collections">
<msg time="2024-02-21T20:23:35.624868" level="INFO">${act_item_name} = Sauce Labs Backpack</msg>
<var>${act_item_name}</var>
<arg>${act_item_names}</arg>
<arg>${j}</arg>
<doc>Returns the value specified with an ``index`` from ``list``.</doc>
<status status="PASS" start="2024-02-21T20:23:35.623871" elapsed="0.000997"/>
</kw>
<kw name="Log" owner="BuiltIn">
<msg time="2024-02-21T20:23:35.624868" level="INFO">ItsValueIs: Sauce Labs Backpack</msg>
<arg>ItsValueIs: ${act_item_name}</arg>
<doc>Logs the given message with the given level.</doc>
<status status="PASS" start="2024-02-21T20:23:35.624868" elapsed="0.000000"/>
</kw>
<kw name="Should Be Equal As Strings" owner="BuiltIn">
<arg>${exp_item_name}</arg>
<arg>${act_item_name}</arg>
<doc>Fails if objects are unequal after converting them to strings.</doc>
<status status="PASS" start="2024-02-21T20:23:35.624868" elapsed="0.000000"/>
</kw>
<var name="${j}">5</var>
<status status="PASS" start="2024-02-21T20:23:35.617913" elapsed="0.006955"/>
</iter>
<var>${j}</var>
<value>${default_sorted_size}</value>
<status status="PASS" start="2024-02-21T20:23:35.577488" elapsed="0.047380"/>
</for>
<status status="PASS" start="2024-02-21T20:23:35.554567" elapsed="0.070301"/>
</kw>
<kw name="Then Close Browser" owner="SeleniumLibrary">
<doc>Closes the current browser.</doc>
<status status="PASS" start="2024-02-21T20:23:35.625864" elapsed="2.196754"/>
</kw>
<tag>FunctionalTest</tag>
<status status="PASS" start="2024-02-21T20:23:32.303860" elapsed="5.519802"/>
</test>
<status status="PASS" start="2024-02-21T20:23:32.002315" elapsed="5.821944"/>
</suite>
<statistics>
<total>
<stat pass="1" fail="0" skip="0">All Tests</stat>
</total>
<tag>
<stat pass="1" fail="0" skip="0">FunctionalTest</stat>
</tag>
<suite>
<stat pass="1" fail="0" skip="0" id="s1" name="AT04 VerifyZToAfilter">AT04 VerifyZToAfilter</stat>
</suite>
</statistics>
<errors>
</errors>
</robot>
