<?xml version="1.0" encoding="UTF-8"?>
<robot generator="Robot 7.0 (Python 3.12.2 on win32)" generated="2024-02-20T11:06:07.318636" rpa="false" schemaversion="5">
<suite id="s1" name="AT04 VerifyZToAfilter" source="C:\Users\softw\PycharmProjects\PythonProject1\RobotFrameworkBDDTestCases\AT04_VerifyZToAfilter.robot">
<test id="s1-t1" name="AT04_VerifyZToAfilter.robot" line="16">
<kw name="Given user logs into SwagLabs" owner="resource">
<kw name="Open Browser" owner="SeleniumLibrary">
<msg time="2024-02-20T11:06:07.551979" level="INFO">Opening browser 'chrome' to base url 'https://www.saucedemo.com/'.</msg>
<arg>${LOGIN_PAGE_URL}</arg>
<arg>${browser}</arg>
<doc>Opens a new browser instance to the optional ``url``.</doc>
<status status="PASS" start="2024-02-20T11:06:07.551979" elapsed="3.299368"/>
</kw>
<kw name="Input Text" owner="SeleniumLibrary">
<msg time="2024-02-20T11:06:10.852344" level="INFO">Typing text 'standard_user' into text field 'id:user-name'.</msg>
<arg>id:user-name</arg>
<arg>${USERNAME}</arg>
<doc>Types the given ``text`` into the text field identified by ``locator``.</doc>
<status status="PASS" start="2024-02-20T11:06:10.851347" elapsed="0.141067"/>
</kw>
<kw name="Input Password" owner="SeleniumLibrary">
<msg time="2024-02-20T11:06:10.992414" level="INFO">Typing password into text field 'id:password'.</msg>
<msg time="2024-02-20T11:06:11.020836" level="INFO">Temporally setting log level to: NONE</msg>
<arg>id:password</arg>
<arg>${PASSWORD}</arg>
<doc>Types the given password into the text field identified by ``locator``.</doc>
<status status="PASS" start="2024-02-20T11:06:10.992414" elapsed="0.098191"/>
</kw>
<kw name="Click Button" owner="SeleniumLibrary">
<msg time="2024-02-20T11:06:11.091600" level="INFO">Clicking button 'id:login-button'.</msg>
<arg>id:login-button</arg>
<doc>Clicks the button identified by ``locator``.</doc>
<status status="PASS" start="2024-02-20T11:06:11.090605" elapsed="0.119132"/>
</kw>
<status status="PASS" start="2024-02-20T11:06:07.550975" elapsed="3.658762"/>
</kw>
<kw name="Then user clicks on sort filter">
<kw name="Get WebElements" owner="SeleniumLibrary">
<msg time="2024-02-20T11:06:11.227196" level="INFO">${FilterList} = [&lt;selenium.webdriver.remote.webelement.WebElement (session="d5301682a8678194cf29645b4c5a2ad1", element="B15355AD44027525BA59B721183854AD_element_14")&gt;, &lt;selenium.webdriver.remote.webelement.WebElement...</msg>
<var>${FilterList}</var>
<arg>xpath=//*[@class='product_sort_container']//option</arg>
<doc>Returns a list of WebElement objects matching the ``locator``.</doc>
<status status="PASS" start="2024-02-20T11:06:11.210733" elapsed="0.016463"/>
</kw>
<kw name="Get Length" owner="BuiltIn">
<msg time="2024-02-20T11:06:11.228195" level="INFO">Length is 4.</msg>
<msg time="2024-02-20T11:06:11.228195" level="INFO">${filter_size} = 4</msg>
<var>${filter_size}</var>
<arg>${filter_list}</arg>
<doc>Returns and logs the length of the given item as an integer.</doc>
<status status="PASS" start="2024-02-20T11:06:11.228195" elapsed="0.000000"/>
</kw>
<kw name="Log" owner="BuiltIn">
<msg time="2024-02-20T11:06:11.228195" level="INFO">Filter Size: 4</msg>
<arg>Filter Size: ${filter_size}</arg>
<doc>Logs the given message with the given level.</doc>
<status status="PASS" start="2024-02-20T11:06:11.228195" elapsed="0.000000"/>
</kw>
<kw name="Log" owner="BuiltIn">
<msg time="2024-02-20T11:06:11.251118" level="INFO">First element text: Name (A to Z)</msg>
<arg>First element text: ${FilterList[0].text}</arg>
<doc>Logs the given message with the given level.</doc>
<status status="PASS" start="2024-02-20T11:06:11.229190" elapsed="0.021928"/>
</kw>
<for flavor="IN RANGE">
<iter>
<kw name="Get Text" owner="SeleniumLibrary">
<msg time="2024-02-20T11:06:11.267067" level="INFO">${filter_name} = Name (A to Z)</msg>
<var>${filter_name}</var>
<arg>${filter_list}[${i}]</arg>
<doc>Returns the text value of the element identified by ``locator``.</doc>
<status status="PASS" start="2024-02-20T11:06:11.253126" elapsed="0.013941"/>
</kw>
<kw name="Log" owner="BuiltIn">
<msg time="2024-02-20T11:06:11.268061" level="INFO">FilterName: Name (A to Z)</msg>
<arg>FilterName: ${filter_name}</arg>
<doc>Logs the given message with the given level.</doc>
<status status="PASS" start="2024-02-20T11:06:11.268061" elapsed="0.000000"/>
</kw>
<kw name="Evaluate" owner="BuiltIn">
<msg time="2024-02-20T11:06:11.269060" level="INFO">${condition} = False</msg>
<var>${condition}</var>
<arg>'${filter_name}' == 'Name (Z to A)'</arg>
<doc>Evaluates the given expression in Python and returns the result.</doc>
<status status="PASS" start="2024-02-20T11:06:11.268061" elapsed="0.000999"/>
</kw>
<kw name="Run Keyword If" owner="BuiltIn">
<arg>${condition}</arg>
<arg>Click Element</arg>
<arg>${filter_list}[${i}]</arg>
<doc>Runs the given keyword with the given arguments, if ``condition`` is true.</doc>
<status status="PASS" start="2024-02-20T11:06:11.270054" elapsed="0.000000"/>
</kw>
<kw name="Run Keyword If" owner="BuiltIn">
<arg>${condition}</arg>
<arg>Exit For Loop</arg>
<doc>Runs the given keyword with the given arguments, if ``condition`` is true.</doc>
<status status="PASS" start="2024-02-20T11:06:11.270054" elapsed="0.000000"/>
</kw>
<var name="${i}">0</var>
<status status="PASS" start="2024-02-20T11:06:11.252124" elapsed="0.017930"/>
</iter>
<iter>
<kw name="Get Text" owner="SeleniumLibrary">
<msg time="2024-02-20T11:06:11.278027" level="INFO">${filter_name} = Name (Z to A)</msg>
<var>${filter_name}</var>
<arg>${filter_list}[${i}]</arg>
<doc>Returns the text value of the element identified by ``locator``.</doc>
<status status="PASS" start="2024-02-20T11:06:11.270054" elapsed="0.007973"/>
</kw>
<kw name="Log" owner="BuiltIn">
<msg time="2024-02-20T11:06:11.278027" level="INFO">FilterName: Name (Z to A)</msg>
<arg>FilterName: ${filter_name}</arg>
<doc>Logs the given message with the given level.</doc>
<status status="PASS" start="2024-02-20T11:06:11.278027" elapsed="0.000000"/>
</kw>
<kw name="Evaluate" owner="BuiltIn">
<msg time="2024-02-20T11:06:11.278027" level="INFO">${condition} = True</msg>
<var>${condition}</var>
<arg>'${filter_name}' == 'Name (Z to A)'</arg>
<doc>Evaluates the given expression in Python and returns the result.</doc>
<status status="PASS" start="2024-02-20T11:06:11.278027" elapsed="0.000000"/>
</kw>
<kw name="Run Keyword If" owner="BuiltIn">
<kw name="Click Element" owner="SeleniumLibrary">
<msg time="2024-02-20T11:06:11.279028" level="INFO">Clicking element '&lt;selenium.webdriver.remote.webelement.WebElement (session="d5301682a8678194cf29645b4c5a2ad1", element="B15355AD44027525BA59B721183854AD_element_16")&gt;'.</msg>
<arg>${filter_list}[${i}]</arg>
<doc>Click the element identified by ``locator``.</doc>
<status status="PASS" start="2024-02-20T11:06:11.279028" elapsed="0.028905"/>
</kw>
<arg>${condition}</arg>
<arg>Click Element</arg>
<arg>${filter_list}[${i}]</arg>
<doc>Runs the given keyword with the given arguments, if ``condition`` is true.</doc>
<status status="PASS" start="2024-02-20T11:06:11.278027" elapsed="0.029906"/>
</kw>
<kw name="Run Keyword If" owner="BuiltIn">
<kw name="Exit For Loop" owner="BuiltIn">
<msg time="2024-02-20T11:06:11.307933" level="INFO">Exiting for loop altogether.</msg>
<doc>Stops executing the enclosing FOR loop.</doc>
<status status="PASS" start="2024-02-20T11:06:11.307933" elapsed="0.001000"/>
</kw>
<arg>${condition}</arg>
<arg>Exit For Loop</arg>
<doc>Runs the given keyword with the given arguments, if ``condition`` is true.</doc>
<status status="PASS" start="2024-02-20T11:06:11.307933" elapsed="0.001000"/>
</kw>
<var name="${i}">1</var>
<status status="PASS" start="2024-02-20T11:06:11.270054" elapsed="0.038879"/>
</iter>
<var>${i}</var>
<value>${filter_size}</value>
<status status="PASS" start="2024-02-20T11:06:11.251118" elapsed="0.057815"/>
</for>
<status status="PASS" start="2024-02-20T11:06:11.210733" elapsed="0.098200"/>
</kw>
<kw name="And Assert that all the items are orgainsed in Z To A order">
<kw name="Get WebElements" owner="SeleniumLibrary">
<msg time="2024-02-20T11:06:11.322401" level="INFO">${default_sorted} = [&lt;selenium.webdriver.remote.webelement.WebElement (session="d5301682a8678194cf29645b4c5a2ad1", element="B15355AD44027525BA59B721183854AD_element_23")&gt;, &lt;selenium.webdriver.remote.webelement.WebElement...</msg>
<var>${default_sorted}</var>
<arg>xpath=//div[@class='inventory_item_name ']</arg>
<doc>Returns a list of WebElement objects matching the ``locator``.</doc>
<status status="PASS" start="2024-02-20T11:06:11.309928" elapsed="0.012473"/>
</kw>
<kw name="Get Length" owner="BuiltIn">
<msg time="2024-02-20T11:06:11.323407" level="INFO">Length is 6.</msg>
<msg time="2024-02-20T11:06:11.323407" level="INFO">${default_sorted_size} = 6</msg>
<var>${default_sorted_size}</var>
<arg>${default_sorted}</arg>
<doc>Returns and logs the length of the given item as an integer.</doc>
<status status="PASS" start="2024-02-20T11:06:11.322401" elapsed="0.001006"/>
</kw>
<kw name="Log" owner="BuiltIn">
<msg time="2024-02-20T11:06:11.323407" level="INFO">Filter Size1: 6</msg>
<arg>Filter Size1: ${default_sorted_size}</arg>
<doc>Logs the given message with the given level.</doc>
<status status="PASS" start="2024-02-20T11:06:11.323407" elapsed="0.000000"/>
</kw>
<kw name="Log" owner="BuiltIn">
<msg time="2024-02-20T11:06:11.330374" level="INFO">First element text1: Test.allTheThings() T-Shirt (Red)</msg>
<arg>First element text1: ${default_sorted[0].text}</arg>
<doc>Logs the given message with the given level.</doc>
<status status="PASS" start="2024-02-20T11:06:11.323407" elapsed="0.006967"/>
</kw>
<kw name="Create List" owner="BuiltIn">
<msg time="2024-02-20T11:06:11.330374" level="INFO">${act_item_names} = ['Test.allTheThings() T-Shirt (Red)', 'Sauce Labs Onesie', 'Sauce Labs Fleece Jacket', 'Sauce Labs Bolt T-Shirt', 'Sauce Labs Bike Light', 'Sauce Labs Backpack']</msg>
<var>${act_item_names}</var>
<arg>Test.allTheThings() T-Shirt (Red)</arg>
<arg>Sauce Labs Onesie</arg>
<arg>Sauce Labs Fleece Jacket</arg>
<arg>Sauce Labs Bolt T-Shirt</arg>
<arg>Sauce Labs Bike Light</arg>
<arg>Sauce Labs Backpack</arg>
<doc>Returns a list containing given items.</doc>
<status status="PASS" start="2024-02-20T11:06:11.330374" elapsed="0.000000"/>
</kw>
<for flavor="IN RANGE">
<iter>
<kw name="Get Text" owner="SeleniumLibrary">
<msg time="2024-02-20T11:06:11.340341" level="INFO">${exp_item_name} = Test.allTheThings() T-Shirt (Red)</msg>
<var>${exp_item_name}</var>
<arg>${default_sorted}[${j}]</arg>
<doc>Returns the text value of the element identified by ``locator``.</doc>
<status status="PASS" start="2024-02-20T11:06:11.332370" elapsed="0.007971"/>
</kw>
<kw name="Log" owner="BuiltIn">
<msg time="2024-02-20T11:06:11.340341" level="INFO">ExpItemName: Test.allTheThings() T-Shirt (Red)</msg>
<arg>ExpItemName: ${exp_item_name}</arg>
<doc>Logs the given message with the given level.</doc>
<status status="PASS" start="2024-02-20T11:06:11.340341" elapsed="0.000000"/>
</kw>
<kw name="Get From List" owner="Collections">
<msg time="2024-02-20T11:06:11.340341" level="INFO">${act_item_name} = Test.allTheThings() T-Shirt (Red)</msg>
<var>${act_item_name}</var>
<arg>${act_item_names}</arg>
<arg>${j}</arg>
<doc>Returns the value specified with an ``index`` from ``list``.</doc>
<status status="PASS" start="2024-02-20T11:06:11.340341" elapsed="0.000000"/>
</kw>
<kw name="Log" owner="BuiltIn">
<msg time="2024-02-20T11:06:11.341336" level="INFO">ItsValueIs: Test.allTheThings() T-Shirt (Red)</msg>
<arg>ItsValueIs: ${act_item_name}</arg>
<doc>Logs the given message with the given level.</doc>
<status status="PASS" start="2024-02-20T11:06:11.340341" elapsed="0.000995"/>
</kw>
<kw name="Should Be Equal As Strings" owner="BuiltIn">
<arg>${exp_item_name}</arg>
<arg>${act_item_name}</arg>
<doc>Fails if objects are unequal after converting them to strings.</doc>
<status status="PASS" start="2024-02-20T11:06:11.341336" elapsed="0.000000"/>
</kw>
<var name="${j}">0</var>
<status status="PASS" start="2024-02-20T11:06:11.331372" elapsed="0.009964"/>
</iter>
<iter>
<kw name="Get Text" owner="SeleniumLibrary">
<msg time="2024-02-20T11:06:11.350308" level="INFO">${exp_item_name} = Sauce Labs Onesie</msg>
<var>${exp_item_name}</var>
<arg>${default_sorted}[${j}]</arg>
<doc>Returns the text value of the element identified by ``locator``.</doc>
<status status="PASS" start="2024-02-20T11:06:11.341336" elapsed="0.008972"/>
</kw>
<kw name="Log" owner="BuiltIn">
<msg time="2024-02-20T11:06:11.351305" level="INFO">ExpItemName: Sauce Labs Onesie</msg>
<arg>ExpItemName: ${exp_item_name}</arg>
<doc>Logs the given message with the given level.</doc>
<status status="PASS" start="2024-02-20T11:06:11.350308" elapsed="0.000997"/>
</kw>
<kw name="Get From List" owner="Collections">
<msg time="2024-02-20T11:06:11.352302" level="INFO">${act_item_name} = Sauce Labs Onesie</msg>
<var>${act_item_name}</var>
<arg>${act_item_names}</arg>
<arg>${j}</arg>
<doc>Returns the value specified with an ``index`` from ``list``.</doc>
<status status="PASS" start="2024-02-20T11:06:11.351305" elapsed="0.000997"/>
</kw>
<kw name="Log" owner="BuiltIn">
<msg time="2024-02-20T11:06:11.353297" level="INFO">ItsValueIs: Sauce Labs Onesie</msg>
<arg>ItsValueIs: ${act_item_name}</arg>
<doc>Logs the given message with the given level.</doc>
<status status="PASS" start="2024-02-20T11:06:11.352302" elapsed="0.000995"/>
</kw>
<kw name="Should Be Equal As Strings" owner="BuiltIn">
<arg>${exp_item_name}</arg>
<arg>${act_item_name}</arg>
<doc>Fails if objects are unequal after converting them to strings.</doc>
<status status="PASS" start="2024-02-20T11:06:11.353297" elapsed="0.000000"/>
</kw>
<var name="${j}">1</var>
<status status="PASS" start="2024-02-20T11:06:11.341336" elapsed="0.011961"/>
</iter>
<iter>
<kw name="Get Text" owner="SeleniumLibrary">
<msg time="2024-02-20T11:06:11.360274" level="INFO">${exp_item_name} = Sauce Labs Fleece Jacket</msg>
<var>${exp_item_name}</var>
<arg>${default_sorted}[${j}]</arg>
<doc>Returns the text value of the element identified by ``locator``.</doc>
<status status="PASS" start="2024-02-20T11:06:11.354296" elapsed="0.006975"/>
</kw>
<kw name="Log" owner="BuiltIn">
<msg time="2024-02-20T11:06:11.361271" level="INFO">ExpItemName: Sauce Labs Fleece Jacket</msg>
<arg>ExpItemName: ${exp_item_name}</arg>
<doc>Logs the given message with the given level.</doc>
<status status="PASS" start="2024-02-20T11:06:11.361271" elapsed="0.000000"/>
</kw>
<kw name="Get From List" owner="Collections">
<msg time="2024-02-20T11:06:11.362268" level="INFO">${act_item_name} = Sauce Labs Fleece Jacket</msg>
<var>${act_item_name}</var>
<arg>${act_item_names}</arg>
<arg>${j}</arg>
<doc>Returns the value specified with an ``index`` from ``list``.</doc>
<status status="PASS" start="2024-02-20T11:06:11.361271" elapsed="0.000997"/>
</kw>
<kw name="Log" owner="BuiltIn">
<msg time="2024-02-20T11:06:11.362268" level="INFO">ItsValueIs: Sauce Labs Fleece Jacket</msg>
<arg>ItsValueIs: ${act_item_name}</arg>
<doc>Logs the given message with the given level.</doc>
<status status="PASS" start="2024-02-20T11:06:11.362268" elapsed="0.000996"/>
</kw>
<kw name="Should Be Equal As Strings" owner="BuiltIn">
<arg>${exp_item_name}</arg>
<arg>${act_item_name}</arg>
<doc>Fails if objects are unequal after converting them to strings.</doc>
<status status="PASS" start="2024-02-20T11:06:11.363264" elapsed="0.000998"/>
</kw>
<var name="${j}">2</var>
<status status="PASS" start="2024-02-20T11:06:11.354296" elapsed="0.009966"/>
</iter>
<iter>
<kw name="Get Text" owner="SeleniumLibrary">
<msg time="2024-02-20T11:06:11.378215" level="INFO">${exp_item_name} = Sauce Labs Bolt T-Shirt</msg>
<var>${exp_item_name}</var>
<arg>${default_sorted}[${j}]</arg>
<doc>Returns the text value of the element identified by ``locator``.</doc>
<status status="PASS" start="2024-02-20T11:06:11.364262" elapsed="0.013953"/>
</kw>
<kw name="Log" owner="BuiltIn">
<msg time="2024-02-20T11:06:11.379210" level="INFO">ExpItemName: Sauce Labs Bolt T-Shirt</msg>
<arg>ExpItemName: ${exp_item_name}</arg>
<doc>Logs the given message with the given level.</doc>
<status status="PASS" start="2024-02-20T11:06:11.378215" elapsed="0.000995"/>
</kw>
<kw name="Get From List" owner="Collections">
<msg time="2024-02-20T11:06:11.379210" level="INFO">${act_item_name} = Sauce Labs Bolt T-Shirt</msg>
<var>${act_item_name}</var>
<arg>${act_item_names}</arg>
<arg>${j}</arg>
<doc>Returns the value specified with an ``index`` from ``list``.</doc>
<status status="PASS" start="2024-02-20T11:06:11.379210" elapsed="0.001000"/>
</kw>
<kw name="Log" owner="BuiltIn">
<msg time="2024-02-20T11:06:11.380210" level="INFO">ItsValueIs: Sauce Labs Bolt T-Shirt</msg>
<arg>ItsValueIs: ${act_item_name}</arg>
<doc>Logs the given message with the given level.</doc>
<status status="PASS" start="2024-02-20T11:06:11.380210" elapsed="0.000000"/>
</kw>
<kw name="Should Be Equal As Strings" owner="BuiltIn">
<arg>${exp_item_name}</arg>
<arg>${act_item_name}</arg>
<doc>Fails if objects are unequal after converting them to strings.</doc>
<status status="PASS" start="2024-02-20T11:06:11.381206" elapsed="0.000000"/>
</kw>
<var name="${j}">3</var>
<status status="PASS" start="2024-02-20T11:06:11.364262" elapsed="0.016944"/>
</iter>
<iter>
<kw name="Get Text" owner="SeleniumLibrary">
<msg time="2024-02-20T11:06:11.390174" level="INFO">${exp_item_name} = Sauce Labs Bike Light</msg>
<var>${exp_item_name}</var>
<arg>${default_sorted}[${j}]</arg>
<doc>Returns the text value of the element identified by ``locator``.</doc>
<status status="PASS" start="2024-02-20T11:06:11.382205" elapsed="0.007969"/>
</kw>
<kw name="Log" owner="BuiltIn">
<msg time="2024-02-20T11:06:11.391171" level="INFO">ExpItemName: Sauce Labs Bike Light</msg>
<arg>ExpItemName: ${exp_item_name}</arg>
<doc>Logs the given message with the given level.</doc>
<status status="PASS" start="2024-02-20T11:06:11.390174" elapsed="0.000997"/>
</kw>
<kw name="Get From List" owner="Collections">
<msg time="2024-02-20T11:06:11.391171" level="INFO">${act_item_name} = Sauce Labs Bike Light</msg>
<var>${act_item_name}</var>
<arg>${act_item_names}</arg>
<arg>${j}</arg>
<doc>Returns the value specified with an ``index`` from ``list``.</doc>
<status status="PASS" start="2024-02-20T11:06:11.391171" elapsed="0.000000"/>
</kw>
<kw name="Log" owner="BuiltIn">
<msg time="2024-02-20T11:06:11.391171" level="INFO">ItsValueIs: Sauce Labs Bike Light</msg>
<arg>ItsValueIs: ${act_item_name}</arg>
<doc>Logs the given message with the given level.</doc>
<status status="PASS" start="2024-02-20T11:06:11.391171" elapsed="0.000000"/>
</kw>
<kw name="Should Be Equal As Strings" owner="BuiltIn">
<arg>${exp_item_name}</arg>
<arg>${act_item_name}</arg>
<doc>Fails if objects are unequal after converting them to strings.</doc>
<status status="PASS" start="2024-02-20T11:06:11.391171" elapsed="0.000000"/>
</kw>
<var name="${j}">4</var>
<status status="PASS" start="2024-02-20T11:06:11.381206" elapsed="0.009965"/>
</iter>
<iter>
<kw name="Get Text" owner="SeleniumLibrary">
<msg time="2024-02-20T11:06:11.399146" level="INFO">${exp_item_name} = Sauce Labs Backpack</msg>
<var>${exp_item_name}</var>
<arg>${default_sorted}[${j}]</arg>
<doc>Returns the text value of the element identified by ``locator``.</doc>
<status status="PASS" start="2024-02-20T11:06:11.392167" elapsed="0.006979"/>
</kw>
<kw name="Log" owner="BuiltIn">
<msg time="2024-02-20T11:06:11.400146" level="INFO">ExpItemName: Sauce Labs Backpack</msg>
<arg>ExpItemName: ${exp_item_name}</arg>
<doc>Logs the given message with the given level.</doc>
<status status="PASS" start="2024-02-20T11:06:11.399146" elapsed="0.001000"/>
</kw>
<kw name="Get From List" owner="Collections">
<msg time="2024-02-20T11:06:11.400146" level="INFO">${act_item_name} = Sauce Labs Backpack</msg>
<var>${act_item_name}</var>
<arg>${act_item_names}</arg>
<arg>${j}</arg>
<doc>Returns the value specified with an ``index`` from ``list``.</doc>
<status status="PASS" start="2024-02-20T11:06:11.400146" elapsed="0.000000"/>
</kw>
<kw name="Log" owner="BuiltIn">
<msg time="2024-02-20T11:06:11.400146" level="INFO">ItsValueIs: Sauce Labs Backpack</msg>
<arg>ItsValueIs: ${act_item_name}</arg>
<doc>Logs the given message with the given level.</doc>
<status status="PASS" start="2024-02-20T11:06:11.400146" elapsed="0.000000"/>
</kw>
<kw name="Should Be Equal As Strings" owner="BuiltIn">
<arg>${exp_item_name}</arg>
<arg>${act_item_name}</arg>
<doc>Fails if objects are unequal after converting them to strings.</doc>
<status status="PASS" start="2024-02-20T11:06:11.400146" elapsed="0.000000"/>
</kw>
<var name="${j}">5</var>
<status status="PASS" start="2024-02-20T11:06:11.391171" elapsed="0.009971"/>
</iter>
<var>${j}</var>
<value>${default_sorted_size}</value>
<status status="PASS" start="2024-02-20T11:06:11.331372" elapsed="0.069770"/>
</for>
<status status="PASS" start="2024-02-20T11:06:11.309928" elapsed="0.091214"/>
</kw>
<kw name="Then Close Browser" owner="SeleniumLibrary">
<doc>Closes the current browser.</doc>
<status status="PASS" start="2024-02-20T11:06:11.401142" elapsed="2.267361"/>
</kw>
<status status="PASS" start="2024-02-20T11:06:07.550975" elapsed="6.117528"/>
</test>
<status status="PASS" start="2024-02-20T11:06:07.327477" elapsed="6.342014"/>
</suite>
<statistics>
<total>
<stat pass="1" fail="0" skip="0">All Tests</stat>
</total>
<tag>
</tag>
<suite>
<stat pass="1" fail="0" skip="0" id="s1" name="AT04 VerifyZToAfilter">AT04 VerifyZToAfilter</stat>
</suite>
</statistics>
<errors>
<msg time="2024-02-20T11:06:07.548981" level="ERROR">Error in file 'C:\Users\softw\PycharmProjects\PythonProject1\RobotFrameworkBDDTestCases\AT04_VerifyZToAfilter.robot' on line 6: Importing library 'BuiltIn.Sleep' failed: ModuleNotFoundError: No module named 'BuiltIn'
Traceback (most recent call last):
  None
PYTHONPATH:
  C:\Users\softw\PycharmProjects\PythonProject1\.venv\Scripts\robot.exe
  C:\Users\softw\AppData\Local\Programs\Python\Python312\python312.zip
  C:\Users\softw\AppData\Local\Programs\Python\Python312\DLLs
  C:\Users\softw\AppData\Local\Programs\Python\Python312\Lib
  C:\Users\softw\AppData\Local\Programs\Python\Python312
  C:\Users\softw\PycharmProjects\pythonProject1\.venv
  C:\Users\softw\PycharmProjects\pythonProject1\.venv\Lib\site-packages</msg>
</errors>
</robot>
